L 03/14/2025 - 23:41:17: Log file started (file "logs\L0314110.log") (game "garrysmod") (version "9529")
L 03/14/2025 - 23:41:17: Loading map "gm_city_square"
L 03/14/2025 - 23:41:17: server cvars start
L 03/14/2025 - 23:41:17: "ttt_namechange_bantime" = "10"
L 03/14/2025 - 23:41:17: "ttt_namechange_kick" = "1"
L 03/14/2025 - 23:41:17: "ttt_ragdoll_pinning_innocents" = "0"
L 03/14/2025 - 23:41:17: "ttt_ragdoll_pinning" = "1"
L 03/14/2025 - 23:41:17: "ttt_teleport_telefrags" = "1"
L 03/14/2025 - 23:41:17: "ttt_no_nade_throw_during_prep" = "1"
L 03/14/2025 - 23:41:17: "ttt_allow_discomb_jump" = "0"
L 03/14/2025 - 23:41:17: "ttt_detective_hats" = "1"
L 03/14/2025 - 23:41:17: "ttt_detective_karma_min" = "600"
L 03/14/2025 - 23:41:17: "ttt_detective_min_players" = "8"
L 03/14/2025 - 23:41:17: "ttt_det_credits_starting" = "1"
L 03/14/2025 - 23:41:17: "ttt_detective_pct" = "0.125000"
L 03/14/2025 - 23:41:17: "ttt_detective_max" = "32"
L 03/14/2025 - 23:41:17: "ttt_credits_starting" = "2"
L 03/14/2025 - 23:41:17: "ttt_traitor_pct" = "0.250000"
L 03/14/2025 - 23:41:17: "ttt_traitor_max" = "32"
L 03/14/2025 - 23:41:17: "ttt_postround_dm" = "0"
L 03/14/2025 - 23:41:17: "ttt_haste_minutes_per_death" = "0.500000"
L 03/14/2025 - 23:41:17: "ttt_haste_starting_minutes" = "5"
L 03/14/2025 - 23:41:17: "ttt_roundtime_minutes" = "10"
L 03/14/2025 - 23:41:17: "ttt_round_limit" = "6"
L 03/14/2025 - 23:41:17: "ttt_posttime_seconds" = "30"
L 03/14/2025 - 23:41:17: "ttt_preptime_seconds" = "30"
L 03/14/2025 - 23:41:17: "ttt_firstpreptime" = "60"
L 03/14/2025 - 23:41:17: "ttt_time_limit_minutes" = "75"
L 03/14/2025 - 23:41:17: "ttt_haste" = "1"
L 03/14/2025 - 23:41:17: "ttt_debug_preventwin" = "0"
L 03/14/2025 - 23:41:17: "sbox_persist" = ""
L 03/14/2025 - 23:41:17: "sbox_bonemanip_misc" = "0"
L 03/14/2025 - 23:41:17: "sbox_bonemanip_player" = "0"
L 03/14/2025 - 23:41:17: "sbox_bonemanip_npc" = "1"
L 03/14/2025 - 23:41:17: "sbox_noclip" = "1"
L 03/14/2025 - 23:41:17: "sbox_maxropeconstraints" = "1000"
L 03/14/2025 - 23:41:17: "sbox_maxconstraints" = "1000"
L 03/14/2025 - 23:41:17: "sbox_maxemitters" = "5"
L 03/14/2025 - 23:41:17: "sbox_maxbuttons" = "20"
L 03/14/2025 - 23:41:17: "sbox_maxhoverballs" = "20"
L 03/14/2025 - 23:41:17: "sbox_maxthrusters" = "30"
L 03/14/2025 - 23:41:17: "sbox_maxwheels" = "20"
L 03/14/2025 - 23:41:17: "sbox_maxlights" = "5"
L 03/14/2025 - 23:41:17: "sbox_maxlamps" = "20"
L 03/14/2025 - 23:41:17: "sbox_maxdynamite" = "10"
L 03/14/2025 - 23:41:17: "sbox_maxsents" = "20"
L 03/14/2025 - 23:41:17: "sbox_maxnpcs" = "10"
L 03/14/2025 - 23:41:17: "sbox_maxcameras" = "10"
L 03/14/2025 - 23:41:17: "sbox_maxballoons" = "10"
L 03/14/2025 - 23:41:17: "sbox_maxeffects" = "50"
L 03/14/2025 - 23:41:17: "sbox_maxvehicles" = "6"
L 03/14/2025 - 23:41:17: "sbox_maxragdolls" = "5"
L 03/14/2025 - 23:41:17: "sbox_maxprops" = "150"
L 03/14/2025 - 23:41:17: "sbox_playershurtplayers" = "1"
L 03/14/2025 - 23:41:17: "sbox_godmode" = "0"
L 03/14/2025 - 23:41:17: "sbox_weapons" = "1"
L 03/14/2025 - 23:41:17: "physgun_limited" = "0"
L 03/14/2025 - 23:41:17: "sv_allowcslua" = "1"
L 03/14/2025 - 23:41:17: "physgun_maxrange" = "4096"
L 03/14/2025 - 23:41:17: "ai_disabled" = "0"
L 03/14/2025 - 23:41:17: "ai_ignoreplayers" = "0"
L 03/14/2025 - 23:41:17: "mp_teamplay" = "0"
L 03/14/2025 - 23:41:17: "mp_falldamage" = "0"
L 03/14/2025 - 23:41:17: "mp_weaponstay" = "0"
L 03/14/2025 - 23:41:17: "mp_forcerespawn" = "1"
L 03/14/2025 - 23:41:17: "mp_footsteps" = "1"
L 03/14/2025 - 23:41:17: "mp_flashlight" = "1"
L 03/14/2025 - 23:41:17: "mp_autocrosshair" = "1"
L 03/14/2025 - 23:41:17: "decalfrequency" = "10"
L 03/14/2025 - 23:41:17: "mp_teamlist" = "hgrunt;scientist"
L 03/14/2025 - 23:41:17: "mp_allowNPCs" = "1"
L 03/14/2025 - 23:41:17: "mp_friendlyfire" = "0"
L 03/14/2025 - 23:41:17: "mp_fadetoblack" = "0"
L 03/14/2025 - 23:41:17: "sv_gravity" = "600"
L 03/14/2025 - 23:41:17: "sv_stopspeed" = "10"
L 03/14/2025 - 23:41:17: "sv_noclipaccelerate" = "5"
L 03/14/2025 - 23:41:17: "sv_noclipspeed" = "5"
L 03/14/2025 - 23:41:17: "sv_specaccelerate" = "5"
L 03/14/2025 - 23:41:17: "sv_specspeed" = "3"
L 03/14/2025 - 23:41:17: "sv_specnoclip" = "1"
L 03/14/2025 - 23:41:17: "sv_maxspeed" = "10000"
L 03/14/2025 - 23:41:17: "sv_accelerate" = "10"
L 03/14/2025 - 23:41:17: "sv_airaccelerate" = "1000"
L 03/14/2025 - 23:41:17: "sv_wateraccelerate" = "10"
L 03/14/2025 - 23:41:17: "sv_waterfriction" = "1"
L 03/14/2025 - 23:41:17: "sv_footsteps" = "1"
L 03/14/2025 - 23:41:17: "sv_rollspeed" = "200"
L 03/14/2025 - 23:41:17: "sv_rollangle" = "0"
L 03/14/2025 - 23:41:17: "sv_friction" = "8"
L 03/14/2025 - 23:41:17: "sv_bounce" = "0"
L 03/14/2025 - 23:41:17: "sv_stepsize" = "18"
L 03/14/2025 - 23:41:17: "r_VehicleViewDampen" = "0"
L 03/14/2025 - 23:41:17: "r_JeepViewDampenFreq" = "7.0"
L 03/14/2025 - 23:41:17: "r_JeepViewDampenDamp" = "1.0"
L 03/14/2025 - 23:41:17: "r_JeepViewZHeight" = "10.0"
L 03/14/2025 - 23:41:17: "r_AirboatViewDampenFreq" = "7.0"
L 03/14/2025 - 23:41:17: "r_AirboatViewDampenDamp" = "1.0"
L 03/14/2025 - 23:41:17: "r_AirboatViewZHeight" = "0.0"
L 03/14/2025 - 23:41:17: "mp_timelimit" = "0"
L 03/14/2025 - 23:41:17: "mp_fraglimit" = "0"
L 03/14/2025 - 23:41:17: "nextlevel" = ""
L 03/14/2025 - 23:41:17: "sv_maxusrcmdprocessticks" = "24"
L 03/14/2025 - 23:41:17: "sv_alltalk" = "0"
L 03/14/2025 - 23:41:17: "sv_hl2mp_weapon_respawn_time" = "20"
L 03/14/2025 - 23:41:17: "sv_hl2mp_item_respawn_time" = "30"
L 03/14/2025 - 23:41:17: "sv_report_client_settings" = "0"
L 03/14/2025 - 23:41:17: "sv_cheats" = "0"
L 03/14/2025 - 23:41:17: "sv_pausable" = "0"
L 03/14/2025 - 23:41:17: "sv_contact" = ""
L 03/14/2025 - 23:41:17: "sv_voiceenable" = "1"
L 03/14/2025 - 23:41:17: "tv_enable" = "0"
L 03/14/2025 - 23:41:17: "sv_steamgroup" = ""
L 03/14/2025 - 23:41:17: "sv_password" = ""
L 03/14/2025 - 23:41:17: "tv_relaypassword" = ""
L 03/14/2025 - 23:41:17: "tv_password" = ""
L 03/14/2025 - 23:41:17: "deathmatch" = "1"
L 03/14/2025 - 23:41:17: "coop" = "0"
L 03/14/2025 - 23:41:17: server cvars end
L 03/14/2025 - 23:41:18: Started map "gm_city_square" (CRC "2c7935b78665ea830e7f6a328a30f0dd")
L 03/14/2025 - 23:41:20: Executing dedicated server config file server.cfg
L 03/14/2025 - 23:41:20: Initializing Steam libraries for secure Internet server
L 03/14/2025 - 23:41:20: No account token specified; logging into anonymous game server account.  (Use sv_setsteamaccount to login to a persistent account.)
L 03/14/2025 - 23:41:20: Server ranking in server browser will be negatively impacted due to sv_setsteamaccount not being set.
L 03/14/2025 - 23:41:20: Log file closed.
