L 03/14/2025 - 23:41:24: Log file started (file "logs\L0314113.log") (game "garrysmod") (version "9529")
L 03/14/2025 - 23:41:24: [FAdmin] Server succesfully shut down.
L 03/14/2025 - 23:41:24: [FAdmin] prop_physics(models/props_junk/trashbin01a.mdl) Got removed
L 03/14/2025 - 23:41:24: [FAdmin] prop_physics(models/props_junk/trashbin01a.mdl) Got removed
L 03/14/2025 - 23:41:24: [FAdmin] prop_physics(models/props_junk/trashdumpster01a.mdl) Got removed
L 03/14/2025 - 23:41:24: [FAdmin] prop_physics(models/props_junk/trashdumpster01a.mdl) Got removed
L 03/14/2025 - 23:41:24: [FAdmin] prop_physics(models/props_junk/trashbin01a.mdl) Got removed
L 03/14/2025 - 23:41:24: [FAdmin] prop_physics(models/props_c17/concrete_barrier001a.mdl) Got removed
L 03/14/2025 - 23:41:24: [FAdmin] prop_physics(models/props_junk/trafficcone001a.mdl) Got removed
L 03/14/2025 - 23:41:24: [FAdmin] prop_physics(models/props_wasteland/barricade001a.mdl) Got removed
L 03/14/2025 - 23:41:24: [FAdmin] prop_physics(models/props_wasteland/barricade002a.mdl) Got removed
L 03/14/2025 - 23:41:24: [FAdmin] prop_physics(models/props_junk/trafficcone001a.mdl) Got removed
L 03/14/2025 - 23:41:24: [FAdmin] prop_physics(models/props_wasteland/barricade002a.mdl) Got removed
L 03/14/2025 - 23:41:24: [FAdmin] prop_physics(models/props_wasteland/barricade001a.mdl) Got removed
L 03/14/2025 - 23:41:24: [FAdmin] prop_physics(models/props_c17/concrete_barrier001a.mdl) Got removed
L 03/14/2025 - 23:41:24: [FAdmin] prop_physics(models/props_c17/concrete_barrier001a.mdl) Got removed
L 03/14/2025 - 23:41:24: [FAdmin] prop_physics(models/props_c17/concrete_barrier001a.mdl) Got removed
L 03/14/2025 - 23:41:24: [FAdmin] prop_physics(models/props_wasteland/barricade001a.mdl) Got removed
L 03/14/2025 - 23:41:24: [FAdmin] prop_physics(models/props_wasteland/barricade001a.mdl) Got removed
L 03/14/2025 - 23:41:24: [FAdmin] prop_physics(models/props_wasteland/barricade002a.mdl) Got removed
L 03/14/2025 - 23:41:24: [FAdmin] prop_physics(models/props_junk/trafficcone001a.mdl) Got removed
L 03/14/2025 - 23:41:24: [FAdmin] prop_physics(models/props_c17/concrete_barrier001a.mdl) Got removed
L 03/14/2025 - 23:41:24: [FAdmin] prop_physics(models/props_c17/concrete_barrier001a.mdl) Got removed
L 03/14/2025 - 23:41:24: [FAdmin] prop_physics(models/props_wasteland/barricade002a.mdl) Got removed
L 03/14/2025 - 23:41:24: [FAdmin] prop_physics(models/props_wasteland/barricade001a.mdl) Got removed
L 03/14/2025 - 23:41:24: [FAdmin] prop_physics(models/props_junk/trafficcone001a.mdl) Got removed
L 03/14/2025 - 23:41:24: [FAdmin] prop_physics(models/props_junk/trafficcone001a.mdl) Got removed
L 03/14/2025 - 23:41:24: [FAdmin] prop_physics(models/props_junk/trafficcone001a.mdl) Got removed
L 03/14/2025 - 23:41:24: [FAdmin] prop_physics(models/props_c17/concrete_barrier001a.mdl) Got removed
L 03/14/2025 - 23:41:24: [FAdmin] prop_physics(models/props_c17/concrete_barrier001a.mdl) Got removed
L 03/14/2025 - 23:41:24: [FAdmin] prop_physics(models/props_junk/trafficcone001a.mdl) Got removed
L 03/14/2025 - 23:41:24: [FAdmin] prop_physics(models/props_wasteland/barricade001a.mdl) Got removed
L 03/14/2025 - 23:41:24: [FAdmin] prop_physics(models/props_wasteland/barricade002a.mdl) Got removed
L 03/14/2025 - 23:41:24: [FAdmin] prop_physics(models/props_junk/trafficcone001a.mdl) Got removed
L 03/14/2025 - 23:41:24: [FAdmin] prop_physics(models/props_junk/trafficcone001a.mdl) Got removed
L 03/14/2025 - 23:41:24: [FAdmin] prop_physics(models/props_c17/concrete_barrier001a.mdl) Got removed
L 03/14/2025 - 23:41:24: [FAdmin] prop_physics(models/props_c17/concrete_barrier001a.mdl) Got removed
L 03/14/2025 - 23:41:24: [FAdmin] prop_physics(models/props_junk/trafficcone001a.mdl) Got removed
L 03/14/2025 - 23:41:24: [FAdmin] prop_physics(models/props_wasteland/barricade002a.mdl) Got removed
L 03/14/2025 - 23:41:24: [FAdmin] prop_physics(models/props_wasteland/barricade001a.mdl) Got removed
L 03/14/2025 - 23:41:24: [FAdmin] prop_physics(models/props_wasteland/barricade001a.mdl) Got removed
L 03/14/2025 - 23:41:24: [FAdmin] prop_physics(models/props_wasteland/barricade001a.mdl) Got removed
L 03/14/2025 - 23:41:24: [FAdmin] prop_physics(models/props_junk/trafficcone001a.mdl) Got removed
L 03/14/2025 - 23:41:24: [FAdmin] prop_physics(models/props_junk/trafficcone001a.mdl) Got removed
L 03/14/2025 - 23:41:24: [FAdmin] prop_physics(models/props_trainstation/payphone_reciever001a.mdl) Got removed
L 03/14/2025 - 23:41:24: [FAdmin] prop_physics(models/props_junk/shovel01a.mdl) Got removed
L 03/14/2025 - 23:41:24: [FAdmin] prop_physics(models/props_junk/shovel01a.mdl) Got removed
L 03/14/2025 - 23:41:24: [FAdmin] prop_physics(models/props_junk/metalbucket01a.mdl) Got removed
L 03/14/2025 - 23:41:24: [FAdmin] prop_physics(models/props_trainstation/payphone_reciever001a.mdl) Got removed
L 03/14/2025 - 23:41:24: [FAdmin] prop_physics(models/props_c17/cashregister01a.mdl) Got removed
L 03/14/2025 - 23:41:24: [FAdmin] prop_physics(models/props_junk/ibeam01a.mdl) Got removed
L 03/14/2025 - 23:41:24: [FAdmin] prop_physics(models/props_junk/ibeam01a.mdl) Got removed
L 03/14/2025 - 23:41:24: [FAdmin] prop_physics(models/props_junk/ibeam01a.mdl) Got removed
L 03/14/2025 - 23:41:24: [FAdmin] prop_physics(models/props_junk/wood_pallet001a.mdl) Got removed
L 03/14/2025 - 23:41:24: [FAdmin] prop_physics(models/props_junk/wood_pallet001a.mdl) Got removed
L 03/14/2025 - 23:41:24: [FAdmin] prop_physics(models/props_junk/metalbucket01a.mdl) Got removed
L 03/14/2025 - 23:41:24: [FAdmin] prop_physics(models/props_junk/metalbucket01a.mdl) Got removed
L 03/14/2025 - 23:41:24: [FAdmin] prop_physics(models/props_junk/shovel01a.mdl) Got removed
L 03/14/2025 - 23:41:24: [FAdmin] prop_physics(models/props_junk/metalbucket01a.mdl) Got removed
L 03/14/2025 - 23:41:24: [FAdmin] prop_physics(models/props_junk/metalbucket01a.mdl) Got removed
L 03/14/2025 - 23:41:24: [FAdmin] prop_physics(models/props_junk/metalbucket01a.mdl) Got removed
L 03/14/2025 - 23:41:24: [FAdmin] prop_physics(models/props_junk/shovel01a.mdl) Got removed
L 03/14/2025 - 23:41:24: [FAdmin] prop_physics(models/props_junk/shovel01a.mdl) Got removed
L 03/14/2025 - 23:41:24: [FAdmin] prop_physics(models/props_junk/trafficcone001a.mdl) Got removed
L 03/14/2025 - 23:41:24: [FAdmin] prop_physics(models/props_wasteland/barricade002a.mdl) Got removed
L 03/14/2025 - 23:41:24: [FAdmin] prop_physics(models/props_junk/trafficcone001a.mdl) Got removed
L 03/14/2025 - 23:41:24: [FAdmin] prop_physics(models/props_junk/trafficcone001a.mdl) Got removed
L 03/14/2025 - 23:41:24: [FAdmin] prop_physics(models/props_junk/trafficcone001a.mdl) Got removed
L 03/14/2025 - 23:41:24: [FAdmin] prop_physics(models/props_wasteland/barricade002a.mdl) Got removed
L 03/14/2025 - 23:41:24: [FAdmin] prop_physics(models/props_wasteland/barricade001a.mdl) Got removed
L 03/14/2025 - 23:41:24: [FAdmin] prop_physics(models/props_wasteland/barricade001a.mdl) Got removed
L 03/14/2025 - 23:41:24: [FAdmin] prop_physics(models/props_c17/cashregister01a.mdl) Got removed
L 03/14/2025 - 23:41:24: [FAdmin] prop_physics(models/props_junk/ibeam01a.mdl) Got removed
L 03/14/2025 - 23:41:24: [FAdmin] prop_physics(models/props_vehicles/car003b.mdl) Got removed
L 03/14/2025 - 23:41:24: [FAdmin] prop_physics(models/props_vehicles/car002b.mdl) Got removed
L 03/14/2025 - 23:41:24: [FAdmin] prop_physics(models/props_vehicles/car001a_hatchback.mdl) Got removed
L 03/14/2025 - 23:41:24: [FAdmin] prop_physics(models/props_junk/popcan01a.mdl) Got removed
L 03/14/2025 - 23:41:24: [FAdmin] prop_physics(models/props_junk/popcan01a.mdl) Got removed
L 03/14/2025 - 23:41:24: [FAdmin] prop_physics(models/props_junk/popcan01a.mdl) Got removed
L 03/14/2025 - 23:41:24: [FAdmin] prop_physics(models/props_junk/popcan01a.mdl) Got removed
L 03/14/2025 - 23:41:24: [FAdmin] prop_physics(models/props_junk/popcan01a.mdl) Got removed
L 03/14/2025 - 23:41:24: [FAdmin] prop_physics(models/props_junk/popcan01a.mdl) Got removed
L 03/14/2025 - 23:41:24: [FAdmin] prop_physics(models/props_junk/popcan01a.mdl) Got removed
L 03/14/2025 - 23:41:24: [FAdmin] prop_physics(models/props_junk/popcan01a.mdl) Got removed
L 03/14/2025 - 23:41:24: [FAdmin] prop_physics(models/props_junk/popcan01a.mdl) Got removed
L 03/14/2025 - 23:41:24: [FAdmin] prop_physics(models/props_junk/popcan01a.mdl) Got removed
L 03/14/2025 - 23:41:24: [FAdmin] prop_physics(models/props_junk/garbage_glassbottle003a.mdl) Got removed
L 03/14/2025 - 23:41:24: [FAdmin] prop_physics(models/props_junk/garbage_glassbottle003a.mdl) Got removed
L 03/14/2025 - 23:41:24: [FAdmin] prop_physics(models/props_junk/garbage_glassbottle003a.mdl) Got removed
L 03/14/2025 - 23:41:24: [FAdmin] prop_physics(models/props_junk/garbage_glassbottle003a.mdl) Got removed
L 03/14/2025 - 23:41:24: [FAdmin] prop_physics(models/props_junk/garbage_glassbottle003a.mdl) Got removed
L 03/14/2025 - 23:41:24: [FAdmin] prop_physics(models/props_junk/garbage_glassbottle003a.mdl) Got removed
L 03/14/2025 - 23:41:24: [FAdmin] prop_physics(models/props_junk/garbage_glassbottle003a.mdl) Got removed
L 03/14/2025 - 23:41:24: [FAdmin] prop_physics(models/props_junk/cinderblock01a.mdl) Got removed
L 03/14/2025 - 23:41:24: [FAdmin] prop_physics(models/props_junk/cinderblock01a.mdl) Got removed
L 03/14/2025 - 23:41:24: [FAdmin] prop_physics(models/props_junk/cinderblock01a.mdl) Got removed
L 03/14/2025 - 23:41:24: [FAdmin] prop_physics(models/props_junk/cinderblock01a.mdl) Got removed
L 03/14/2025 - 23:41:24: [FAdmin] prop_physics(models/props_junk/cinderblock01a.mdl) Got removed
L 03/14/2025 - 23:41:24: [FAdmin] prop_physics(models/props_junk/cinderblock01a.mdl) Got removed
L 03/14/2025 - 23:41:24: [FAdmin] prop_physics(models/props_junk/cinderblock01a.mdl) Got removed
L 03/14/2025 - 23:41:24: [FAdmin] prop_physics(models/props_junk/cinderblock01a.mdl) Got removed
L 03/14/2025 - 23:41:24: [FAdmin] prop_physics(models/props_junk/cinderblock01a.mdl) Got removed
L 03/14/2025 - 23:41:24: [FAdmin] prop_physics(models/props_junk/cinderblock01a.mdl) Got removed
L 03/14/2025 - 23:41:24: [FAdmin] prop_physics(models/props_junk/cinderblock01a.mdl) Got removed
L 03/14/2025 - 23:41:24: [FAdmin] prop_physics(models/props_junk/cinderblock01a.mdl) Got removed
L 03/14/2025 - 23:41:24: [FAdmin] prop_physics(models/props_junk/cinderblock01a.mdl) Got removed
L 03/14/2025 - 23:41:24: [FAdmin] prop_physics(models/props_junk/cinderblock01a.mdl) Got removed
L 03/14/2025 - 23:41:24: [FAdmin] prop_physics(models/props_junk/cinderblock01a.mdl) Got removed
L 03/14/2025 - 23:41:24: [FAdmin] prop_physics(models/props_junk/shoe001a.mdl) Got removed
L 03/14/2025 - 23:41:24: [FAdmin] prop_physics(models/props_junk/shoe001a.mdl) Got removed
L 03/14/2025 - 23:41:24: [FAdmin] prop_physics(models/props_junk/gascan001a.mdl) Got removed
L 03/14/2025 - 23:41:24: [FAdmin] prop_physics(models/props_junk/gascan001a.mdl) Got removed
L 03/14/2025 - 23:41:24: [FAdmin] prop_physics(models/props_junk/propane_tank001a.mdl) Got removed
L 03/14/2025 - 23:41:24: [FAdmin] prop_physics(models/props_junk/propane_tank001a.mdl) Got removed
L 03/14/2025 - 23:41:24: [FAdmin] prop_physics(models/props_junk/popcan01a.mdl) Got removed
L 03/14/2025 - 23:41:24: [FAdmin] prop_physics(models/props_junk/popcan01a.mdl) Got removed
L 03/14/2025 - 23:41:24: [FAdmin] prop_physics(models/props_junk/popcan01a.mdl) Got removed
L 03/14/2025 - 23:41:24: [FAdmin] prop_physics(models/props_junk/garbage_glassbottle003a.mdl) Got removed
L 03/14/2025 - 23:41:24: [FAdmin] prop_physics(models/props_junk/garbage_glassbottle003a.mdl) Got removed
L 03/14/2025 - 23:41:24: [FAdmin] prop_physics(models/props_junk/garbage_glassbottle003a.mdl) Got removed
L 03/14/2025 - 23:41:24: [FAdmin] prop_physics(models/props_junk/popcan01a.mdl) Got removed
L 03/14/2025 - 23:41:24: [FAdmin] prop_physics(models/props_junk/popcan01a.mdl) Got removed
L 03/14/2025 - 23:41:24: [FAdmin] prop_physics(models/props_trainstation/payphone_reciever001a.mdl) Got removed
L 03/14/2025 - 23:41:24: [FAdmin] prop_physics(models/props_trainstation/payphone_reciever001a.mdl) Got removed
L 03/14/2025 - 23:41:24: [FAdmin] prop_physics(models/props_junk/garbage_glassbottle003a.mdl) Got removed
L 03/14/2025 - 23:41:24: [FAdmin] prop_physics(models/props_junk/garbage_glassbottle003a.mdl) Got removed
L 03/14/2025 - 23:41:24: [FAdmin] prop_physics(models/props_junk/shoe001a.mdl) Got removed
L 03/14/2025 - 23:41:24: [FAdmin] prop_physics(models/props_junk/garbage_glassbottle003a.mdl) Got removed
L 03/14/2025 - 23:41:24: [FAdmin] prop_physics(models/props_junk/popcan01a.mdl) Got removed
L 03/14/2025 - 23:41:24: [FAdmin] prop_physics(models/props_c17/signpole001.mdl) Got removed
L 03/14/2025 - 23:41:24: [FAdmin] prop_physics(models/props_c17/streetsign002b.mdl) Got removed
L 03/14/2025 - 23:41:24: [FAdmin] prop_physics(models/props_c17/streetsign002b.mdl) Got removed
L 03/14/2025 - 23:41:24: [FAdmin] prop_physics(models/props_c17/signpole001.mdl) Got removed
L 03/14/2025 - 23:41:24: [FAdmin] prop_physics(models/props_c17/signpole001.mdl) Got removed
L 03/14/2025 - 23:41:24: [FAdmin] prop_physics(models/props_c17/streetsign001c.mdl) Got removed
L 03/14/2025 - 23:41:24: [FAdmin] prop_physics(models/props_c17/streetsign001c.mdl) Got removed
L 03/14/2025 - 23:41:24: [FAdmin] prop_physics(models/props_c17/signpole001.mdl) Got removed
L 03/14/2025 - 23:41:24: [FAdmin] prop_physics(models/props_c17/signpole001.mdl) Got removed
L 03/14/2025 - 23:41:24: [FAdmin] prop_physics(models/props_c17/streetsign002b.mdl) Got removed
L 03/14/2025 - 23:41:24: [FAdmin] prop_physics(models/props_c17/signpole001.mdl) Got removed
L 03/14/2025 - 23:41:24: [FAdmin] prop_physics(models/props_c17/streetsign002b.mdl) Got removed
L 03/14/2025 - 23:41:24: [FAdmin] prop_physics(models/props_c17/cashregister01a.mdl) Got removed
L 03/14/2025 - 23:41:24: [FAdmin] prop_physics(models/props_c17/furniturechair001a.mdl) Got removed
L 03/14/2025 - 23:41:24: [FAdmin] prop_physics(models/props_c17/shelfunit01a.mdl) Got removed
L 03/14/2025 - 23:41:24: [FAdmin] prop_physics(models/props_c17/furnituretable001a.mdl) Got removed
L 03/14/2025 - 23:41:24: [FAdmin] prop_physics(models/props_c17/furniturechair001a.mdl) Got removed
L 03/14/2025 - 23:41:24: [FAdmin] prop_physics(models/props_c17/furniturechair001a.mdl) Got removed
L 03/14/2025 - 23:41:24: [FAdmin] prop_physics(models/props_c17/shelfunit01a.mdl) Got removed
L 03/14/2025 - 23:41:24: [FAdmin] prop_physics(models/props_c17/furnituretable002a.mdl) Got removed
L 03/14/2025 - 23:41:24: [FAdmin] prop_physics(models/props_c17/furniturechair001a.mdl) Got removed
L 03/14/2025 - 23:41:24: [FAdmin] prop_physics(models/props_c17/furniturechair001a.mdl) Got removed
L 03/14/2025 - 23:41:24: [FAdmin] prop_physics(models/props_c17/furniturechair001a.mdl) Got removed
L 03/14/2025 - 23:41:24: [FAdmin] prop_physics(models/props_c17/furniturechair001a.mdl) Got removed
L 03/14/2025 - 23:41:24: [FAdmin] prop_physics(models/props_c17/furnituretable001a.mdl) Got removed
L 03/14/2025 - 23:41:24: [FAdmin] prop_physics(models/props_junk/garbage_glassbottle003a.mdl) Got removed
L 03/14/2025 - 23:41:24: [FAdmin] prop_physics(models/props_junk/garbage_glassbottle003a.mdl) Got removed
L 03/14/2025 - 23:41:24: [FAdmin] prop_physics(models/props_junk/garbage_glassbottle003a.mdl) Got removed
L 03/14/2025 - 23:41:24: [FAdmin] prop_physics(models/props_junk/garbage_glassbottle003a.mdl) Got removed
L 03/14/2025 - 23:41:24: [FAdmin] prop_physics(models/props_junk/popcan01a.mdl) Got removed
L 03/14/2025 - 23:41:24: [FAdmin] prop_physics(models/props_junk/popcan01a.mdl) Got removed
L 03/14/2025 - 23:41:24: [FAdmin] prop_physics(models/props_junk/popcan01a.mdl) Got removed
L 03/14/2025 - 23:41:24: [FAdmin] prop_physics(models/props_vehicles/car004a.mdl) Got removed
L 03/14/2025 - 23:41:24: [FAdmin] prop_physics(models/props_junk/cinderblock01a.mdl) Got removed
L 03/14/2025 - 23:41:24: [FAdmin] prop_physics(models/props_junk/cinderblock01a.mdl) Got removed
L 03/14/2025 - 23:41:24: [FAdmin] prop_physics(models/props_junk/cinderblock01a.mdl) Got removed
L 03/14/2025 - 23:41:24: [FAdmin] prop_physics(models/props_junk/garbage_glassbottle003a.mdl) Got removed
L 03/14/2025 - 23:41:24: [FAdmin] prop_physics(models/props_junk/garbage_glassbottle003a.mdl) Got removed
L 03/14/2025 - 23:41:24: [FAdmin] prop_physics(models/props_junk/popcan01a.mdl) Got removed
L 03/14/2025 - 23:41:24: [FAdmin] prop_physics(models/props_c17/furniturecouch001a.mdl) Got removed
L 03/14/2025 - 23:41:24: [FAdmin] prop_physics(models/props_c17/furnituretable003a.mdl) Got removed
L 03/14/2025 - 23:41:24: [FAdmin] prop_physics(models/props_c17/furnituredresser001a.mdl) Got removed
L 03/14/2025 - 23:41:24: [FAdmin] prop_physics(models/props_c17/furnituretable001a.mdl) Got removed
L 03/14/2025 - 23:41:24: [FAdmin] prop_physics(models/props_c17/furniturechair001a.mdl) Got removed
L 03/14/2025 - 23:41:24: [FAdmin] prop_physics(models/props_c17/furniturechair001a.mdl) Got removed
L 03/14/2025 - 23:41:24: [FAdmin] prop_physics(models/props_c17/furniturechair001a.mdl) Got removed
L 03/14/2025 - 23:41:24: [FAdmin] prop_physics(models/props_c17/furnituredrawer002a.mdl) Got removed
L 03/14/2025 - 23:41:24: [FAdmin] prop_physics(models/props_c17/tv_monitor01.mdl) Got removed
L 03/14/2025 - 23:41:24: [FAdmin] prop_physics(models/props_c17/furniturebed001a.mdl) Got removed
L 03/14/2025 - 23:41:24: [FAdmin] prop_physics(models/props_c17/furniturebed001a.mdl) Got removed
L 03/14/2025 - 23:41:24: [FAdmin] prop_physics(models/props_c17/furnituredresser001a.mdl) Got removed
L 03/14/2025 - 23:41:24: [FAdmin] prop_physics(models/props_c17/furnituredrawer001a.mdl) Got removed
L 03/14/2025 - 23:41:24: [FAdmin] prop_physics(models/props_c17/furnituretable003a.mdl) Got removed
L 03/14/2025 - 23:41:24: [FAdmin] prop_physics(models/props_c17/furniturecouch002a.mdl) Got removed
L 03/14/2025 - 23:41:24: [FAdmin] prop_physics(models/props_interiors/furniture_shelf01a.mdl) Got removed
L 03/14/2025 - 23:41:24: [FAdmin] prop_physics(models/props_c17/shelfunit01a.mdl) Got removed
L 03/14/2025 - 23:41:24: [FAdmin] prop_physics(models/props_c17/shelfunit01a.mdl) Got removed
L 03/14/2025 - 23:41:24: [FAdmin] prop_physics(models/props_interiors/furniture_desk01a.mdl) Got removed
L 03/14/2025 - 23:41:24: [FAdmin] prop_physics(models/props_c17/furniturechair001a.mdl) Got removed
L 03/14/2025 - 23:41:24: [FAdmin] prop_physics(models/props_interiors/furniture_lamp01a.mdl) Got removed
L 03/14/2025 - 23:41:24: [FAdmin] prop_physics(models/props_c17/bench01a.mdl) Got removed
L 03/14/2025 - 23:41:24: [FAdmin] prop_physics(models/props_c17/bench01a.mdl) Got removed
L 03/14/2025 - 23:41:24: [FAdmin] prop_physics(models/props_junk/garbage_glassbottle003a.mdl) Got removed
L 03/14/2025 - 23:41:24: [FAdmin] prop_physics(models/props_junk/garbage_glassbottle003a.mdl) Got removed
L 03/14/2025 - 23:41:24: [FAdmin] prop_physics(models/props_junk/garbage_glassbottle003a.mdl) Got removed
L 03/14/2025 - 23:41:24: [FAdmin] prop_physics(models/props_wasteland/controlroom_desk001a.mdl) Got removed
L 03/14/2025 - 23:41:24: [FAdmin] prop_physics(models/props_wasteland/controlroom_storagecloset001a.mdl) Got removed
L 03/14/2025 - 23:41:24: [FAdmin] prop_physics(models/props_wasteland/controlroom_filecabinet002a.mdl) Got removed
L 03/14/2025 - 23:41:24: [FAdmin] prop_physics(models/props_wasteland/controlroom_filecabinet002a.mdl) Got removed
L 03/14/2025 - 23:41:24: server_message: "quit"
L 03/14/2025 - 23:41:24: Log file closed.
